# JRE version: OpenJDK Runtime Environment (14.0.2+12) (build 14.0.2+12-46)
# Java VM: OpenJDK 64-Bit Server VM (14.0.2+12-46, mixed mode, tiered, compressed oops, g1 gc, windows-amd64)
Heap:
 garbage-first heap   total 41984K, used 28669K [0x00000000c2400000, 0x0000000100000000)
  region size 1024K, 20 young (20480K), 2 survivors (2048K)
 Metaspace       used 30641K, capacity 31473K, committed 31616K, reserved 1077248K
  class space    used 3615K, capacity 3895K, committed 3968K, reserved 1048576K
GC Heap History (20 events):
Event: 1.852 GC heap before
{Heap before GC invocations=0 (full 0):
 garbage-first heap   total 63488K, used 13312K [0x00000000c2400000, 0x0000000100000000)
  region size 1024K, 13 young (13312K), 0 survivors (0K)
 Metaspace       used 9482K, capacity 9611K, committed 9984K, reserved 1058816K
  class space    used 857K, capacity 905K, committed 1024K, reserved 1048576K
}
Event: 1.867 GC heap after
{Heap after GC invocations=1 (full 0):
 garbage-first heap   total 63488K, used 5836K [0x00000000c2400000, 0x0000000100000000)
  region size 1024K, 2 young (2048K), 2 survivors (2048K)
 Metaspace       used 9482K, capacity 9611K, committed 9984K, reserved 1058816K
  class space    used 857K, capacity 905K, committed 1024K, reserved 1048576K
}
Event: 2.415 GC heap before
{Heap before GC invocations=1 (full 0):
 garbage-first heap   total 63488K, used 16076K [0x00000000c2400000, 0x0000000100000000)
  region size 1024K, 12 young (12288K), 2 survivors (2048K)
 Metaspace       used 11534K, capacity 11731K, committed 12032K, reserved 1060864K
  class space    used 1126K, capacity 1190K, committed 1280K, reserved 1048576K
}
Event: 2.423 GC heap after
{Heap after GC invocations=2 (full 0):
 garbage-first heap   total 63488K, used 6396K [0x00000000c2400000, 0x0000000100000000)
  region size 1024K, 1 young (1024K), 1 survivors (1024K)
 Metaspace       used 11534K, capacity 11731K, committed 12032K, reserved 1060864K
  class space    used 1126K, capacity 1190K, committed 1280K, reserved 1048576K
}
Event: 2.470 GC heap before
{Heap before GC invocations=2 (full 0):
 garbage-first heap   total 63488K, used 25852K [0x00000000c2400000, 0x0000000100000000)
  region size 1024K, 21 young (21504K), 1 survivors (1024K)
 Metaspace       used 11546K, capacity 11795K, committed 12032K, reserved 1060864K
  class space    used 1126K, capacity 1190K, committed 1280K, reserved 1048576K
}
Event: 2.473 GC heap after
{Heap after GC invocations=3 (full 0):
 garbage-first heap   total 63488K, used 6499K [0x00000000c2400000, 0x0000000100000000)
  region size 1024K, 1 young (1024K), 1 survivors (1024K)
 Metaspace       used 11546K, capacity 11795K, committed 12032K, reserved 1060864K
  class space    used 1126K, capacity 1190K, committed 1280K, reserved 1048576K
}
Event: 3.647 GC heap before
{Heap before GC invocations=3 (full 0):
 garbage-first heap   total 63488K, used 42339K [0x00000000c2400000, 0x0000000100000000)
  region size 1024K, 37 young (37888K), 1 survivors (1024K)
 Metaspace       used 15931K, capacity 16354K, committed 16384K, reserved 1064960K
  class space    used 1659K, capacity 1782K, committed 1792K, reserved 1048576K
}
Event: 3.654 GC heap after
{Heap after GC invocations=4 (full 0):
 garbage-first heap   total 63488K, used 7347K [0x00000000c2400000, 0x0000000100000000)
  region size 1024K, 2 young (2048K), 2 survivors (2048K)
 Metaspace       used 15931K, capacity 16354K, committed 16384K, reserved 1064960K
  class space    used 1659K, capacity 1782K, committed 1792K, reserved 1048576K
}
Event: 4.726 GC heap before
{Heap before GC invocations=4 (full 0):
 garbage-first heap   total 63488K, used 31923K [0x00000000c2400000, 0x0000000100000000)
  region size 1024K, 27 young (27648K), 2 survivors (2048K)
 Metaspace       used 20760K, capacity 21174K, committed 21248K, reserved 1069056K
  class space    used 2357K, capacity 2515K, committed 2560K, reserved 1048576K
}
Event: 4.734 GC heap after
{Heap after GC invocations=5 (full 0):
 garbage-first heap   total 63488K, used 8610K [0x00000000c2400000, 0x0000000100000000)
  region size 1024K, 3 young (3072K), 3 survivors (3072K)
 Metaspace       used 20760K, capacity 21174K, committed 21248K, reserved 1069056K
  class space    used 2357K, capacity 2515K, committed 2560K, reserved 1048576K
}
Event: 5.349 GC heap before
{Heap before GC invocations=6 (full 0):
 garbage-first heap   total 34816K, used 26018K [0x00000000c2400000, 0x0000000100000000)
  region size 1024K, 20 young (20480K), 3 survivors (3072K)
 Metaspace       used 23251K, capacity 23759K, committed 24064K, reserved 1071104K
  class space    used 2754K, capacity 2951K, committed 3072K, reserved 1048576K
}
Event: 5.359 GC heap after
{Heap after GC invocations=7 (full 0):
 garbage-first heap   total 34816K, used 9578K [0x00000000c2400000, 0x0000000100000000)
  region size 1024K, 3 young (3072K), 3 survivors (3072K)
 Metaspace       used 23251K, capacity 23759K, committed 24064K, reserved 1071104K
  class space    used 2754K, capacity 2951K, committed 3072K, reserved 1048576K
}
Event: 5.442 GC heap before
{Heap before GC invocations=7 (full 0):
 garbage-first heap   total 34816K, used 22890K [0x00000000c2400000, 0x0000000100000000)
  region size 1024K, 17 young (17408K), 3 survivors (3072K)
 Metaspace       used 23636K, capacity 24226K, committed 24320K, reserved 1071104K
  class space    used 2798K, capacity 3002K, committed 3072K, reserved 1048576K
}
Event: 5.448 GC heap after
{Heap after GC invocations=8 (full 0):
 garbage-first heap   total 41984K, used 9846K [0x00000000c2400000, 0x0000000100000000)
  region size 1024K, 2 young (2048K), 2 survivors (2048K)
 Metaspace       used 23636K, capacity 24226K, committed 24320K, reserved 1071104K
  class space    used 2798K, capacity 3002K, committed 3072K, reserved 1048576K
}
Event: 5.472 GC heap before
{Heap before GC invocations=8 (full 0):
 garbage-first heap   total 41984K, used 29302K [0x00000000c2400000, 0x0000000100000000)
  region size 1024K, 22 young (22528K), 2 survivors (2048K)
 Metaspace       used 23647K, capacity 24239K, committed 24320K, reserved 1071104K
  class space    used 2801K, capacity 3006K, committed 3072K, reserved 1048576K
}
Event: 5.475 GC heap after
{Heap after GC invocations=9 (full 0):
 garbage-first heap   total 41984K, used 9726K [0x00000000c2400000, 0x0000000100000000)
  region size 1024K, 2 young (2048K), 2 survivors (2048K)
 Metaspace       used 23647K, capacity 24239K, committed 24320K, reserved 1071104K
  class space    used 2801K, capacity 3006K, committed 3072K, reserved 1048576K
}
Event: 6.013 GC heap before
{Heap before GC invocations=9 (full 0):
 garbage-first heap   total 41984K, used 30206K [0x00000000c2400000, 0x0000000100000000)
  region size 1024K, 23 young (23552K), 2 survivors (2048K)
 Metaspace       used 26581K, capacity 27171K, committed 27392K, reserved 1073152K
  class space    used 3085K, capacity 3321K, committed 3328K, reserved 1048576K
}
Event: 6.021 GC heap after
{Heap after GC invocations=10 (full 0):
 garbage-first heap   total 41984K, used 10362K [0x00000000c2400000, 0x0000000100000000)
  region size 1024K, 2 young (2048K), 2 survivors (2048K)
 Metaspace       used 26581K, capacity 27171K, committed 27392K, reserved 1073152K
  class space    used 3085K, capacity 3321K, committed 3328K, reserved 1048576K
}
Event: 6.891 GC heap before
{Heap before GC invocations=10 (full 0):
 garbage-first heap   total 41984K, used 31866K [0x00000000c2400000, 0x0000000100000000)
  region size 1024K, 23 young (23552K), 2 survivors (2048K)
 Metaspace       used 28795K, capacity 29471K, committed 29568K, reserved 1075200K
  class space    used 3373K, capacity 3635K, committed 3712K, reserved 1048576K
}
Event: 6.900 GC heap after
{Heap after GC invocations=11 (full 0):
 garbage-first heap   total 41984K, used 11261K [0x00000000c2400000, 0x0000000100000000)
  region size 1024K, 2 young (2048K), 2 survivors (2048K)
 Metaspace       used 28795K, capacity 29471K, committed 29568K, reserved 1075200K
  class space    used 3373K, capacity 3635K, committed 3712K, reserved 1048576K
}

